19-06-19 15:58:20,328 [main] Logfile closed: D:\GitHub project\Persist\.\tmlog-1.log
19-06-19 15:58:20,619 [main] AtomikosDataSoureBean 'oracleDataSource': no testQuery set - the connection pool will not be able to validate the connections!
19-06-19 15:58:20,619 [main] AtomikosDataSoureBean 'oracleDataSource': poolSize equals default - this may cause performance problems!
19-06-19 15:58:20,637 [main] Coordinator not recoverable: 115.171.209.186.tm0000100001
19-06-19 16:02:29,428 [main] Starting read of logfile D:\GitHub project\Persist\.\tmlog0.log
19-06-19 16:02:29,429 [main] Done read of logfile
19-06-19 16:02:29,430 [main] Logfile closed: D:\GitHub project\Persist\.\tmlog0.log
19-06-19 16:02:29,625 [main] AtomikosDataSoureBean 'oracleDataSource': no testQuery set - the connection pool will not be able to validate the connections!
19-06-19 16:02:29,626 [main] AtomikosDataSoureBean 'oracleDataSource': poolSize equals default - this may cause performance problems!
19-06-19 16:12:51,252 [main] Starting read of logfile D:\GitHub project\Persist\.\tmlog1.log
19-06-19 16:12:51,252 [main] Done read of logfile
19-06-19 16:12:51,253 [main] Logfile closed: D:\GitHub project\Persist\.\tmlog1.log
19-06-19 16:12:51,440 [main] AtomikosDataSoureBean 'oracleDataSource': no testQuery set - the connection pool will not be able to validate the connections!
19-06-19 16:12:51,440 [main] AtomikosDataSoureBean 'oracleDataSource': poolSize equals default - this may cause performance problems!
19-06-19 16:12:51,456 [main] Coordinator not recoverable: 115.171.209.186.tm0000100003
19-06-19 16:16:22,722 [main] Starting read of logfile D:\GitHub project\Persist\.\tmlog2.log
19-06-19 16:16:22,723 [main] Done read of logfile
19-06-19 16:16:22,724 [main] Logfile closed: D:\GitHub project\Persist\.\tmlog2.log
19-06-19 16:16:23,005 [main] AtomikosDataSoureBean 'oracleDataSource': no testQuery set - the connection pool will not be able to validate the connections!
19-06-19 16:16:23,006 [main] AtomikosDataSoureBean 'oracleDataSource': poolSize equals default - this may cause performance problems!
19-06-19 16:16:23,025 [main] Coordinator not recoverable: 115.171.209.186.tm0000100004
19-06-19 16:47:11,920 [main] Starting read of logfile D:\GitHub project\Persist\.\tmlog3.log
19-06-19 16:47:11,920 [main] Done read of logfile
19-06-19 16:47:11,920 [main] Logfile closed: D:\GitHub project\Persist\.\tmlog3.log
19-06-19 16:47:12,180 [main] AtomikosDataSoureBean 'oracleDataSource': no testQuery set - the connection pool will not be able to validate the connections!
19-06-19 16:47:12,181 [main] AtomikosDataSoureBean 'oracleDataSource': poolSize equals default - this may cause performance problems!
19-06-19 16:47:12,198 [main] Coordinator not recoverable: 115.171.209.186.tm0000100005
19-06-19 16:47:54,476 [main] Starting read of logfile D:\GitHub project\Persist\.\tmlog4.log
19-06-19 16:47:54,477 [main] Done read of logfile
19-06-19 16:47:54,477 [main] Logfile closed: D:\GitHub project\Persist\.\tmlog4.log
19-06-19 16:47:54,782 [main] AtomikosDataSoureBean 'oracleDataSource': no testQuery set - the connection pool will not be able to validate the connections!
19-06-19 16:47:54,782 [main] AtomikosDataSoureBean 'oracleDataSource': poolSize equals default - this may cause performance problems!
19-06-19 16:47:54,801 [main] Coordinator not recoverable: 115.171.209.186.tm0000100006
19-06-25 15:09:58,252 [main] Starting read of logfile D:\GitHub project\spring4.2\.\tmlog5.log
19-06-25 15:09:58,253 [main] Done read of logfile
19-06-25 15:09:58,253 [main] Logfile closed: D:\GitHub project\spring4.2\.\tmlog5.log
19-06-25 16:10:53,233 [main] Starting read of logfile D:\GitHub project\spring4.2\.\tmlog6.log
19-06-25 16:10:53,233 [main] Done read of logfile
19-06-25 16:10:53,233 [main] Logfile closed: D:\GitHub project\spring4.2\.\tmlog6.log
19-06-25 16:17:48,975 [main] Starting read of logfile D:\GitHub project\spring4.2\.\tmlog7.log
19-06-25 16:17:48,975 [main] Done read of logfile
19-06-25 16:17:48,976 [main] Logfile closed: D:\GitHub project\spring4.2\.\tmlog7.log
19-06-25 16:45:38,144 [main] Starting read of logfile D:\GitHub project\spring4.2\.\tmlog8.log
19-06-25 16:45:38,144 [main] Done read of logfile
19-06-25 16:45:38,145 [main] Logfile closed: D:\GitHub project\spring4.2\.\tmlog8.log
19-06-25 16:46:38,279 [main] Starting read of logfile D:\GitHub project\spring4.2\.\tmlog9.log
19-06-25 16:46:38,279 [main] Done read of logfile
19-06-25 16:46:38,279 [main] Logfile closed: D:\GitHub project\spring4.2\.\tmlog9.log
19-06-25 16:49:20,378 [main] Starting read of logfile D:\GitHub project\spring4.2\.\tmlog10.log
19-06-25 16:49:20,378 [main] Done read of logfile
19-06-25 16:49:20,379 [main] Logfile closed: D:\GitHub project\spring4.2\.\tmlog10.log
19-06-25 16:49:36,444 [main] Starting read of logfile D:\GitHub project\spring4.2\.\tmlog11.log
19-06-25 16:49:36,445 [main] Done read of logfile
19-06-25 16:49:36,445 [main] Logfile closed: D:\GitHub project\spring4.2\.\tmlog11.log
19-06-25 16:49:45,153 [main] Starting read of logfile D:\GitHub project\spring4.2\.\tmlog12.log
19-06-25 16:49:45,153 [main] Done read of logfile
19-06-25 16:49:45,153 [main] Logfile closed: D:\GitHub project\spring4.2\.\tmlog12.log
19-06-25 16:50:02,458 [main] Starting read of logfile D:\GitHub project\spring4.2\.\tmlog13.log
19-06-25 16:50:02,458 [main] Done read of logfile
19-06-25 16:50:02,458 [main] Logfile closed: D:\GitHub project\spring4.2\.\tmlog13.log
19-06-25 16:54:30,627 [main] Starting read of logfile D:\GitHub project\spring4.2\.\tmlog14.log
19-06-25 16:54:30,627 [main] Done read of logfile
19-06-25 16:54:30,628 [main] Logfile closed: D:\GitHub project\spring4.2\.\tmlog14.log
19-06-25 16:55:02,793 [main] Starting read of logfile D:\GitHub project\spring4.2\.\tmlog15.log
19-06-25 16:55:02,794 [main] Done read of logfile
19-06-25 16:55:02,794 [main] Logfile closed: D:\GitHub project\spring4.2\.\tmlog15.log
19-06-25 16:56:12,996 [main] Starting read of logfile D:\GitHub project\spring4.2\.\tmlog16.log
19-06-25 16:56:12,996 [main] Done read of logfile
19-06-25 16:56:12,997 [main] Logfile closed: D:\GitHub project\spring4.2\.\tmlog16.log
19-06-25 16:58:14,093 [main] Starting read of logfile D:\GitHub project\spring4.2\.\tmlog17.log
19-06-25 16:58:14,094 [main] Done read of logfile
19-06-25 16:58:14,094 [main] Logfile closed: D:\GitHub project\spring4.2\.\tmlog17.log
19-06-25 17:25:48,294 [main] Starting read of logfile D:\GitHub project\spring4.2\.\tmlog18.log
19-06-25 17:25:48,295 [main] Done read of logfile
19-06-25 17:25:48,295 [main] Logfile closed: D:\GitHub project\spring4.2\.\tmlog18.log
19-06-25 17:25:48,577 [main] AtomikosDataSoureBean 'oracleDataSource': no testQuery set - the connection pool will not be able to validate the connections!
19-06-25 17:25:48,578 [main] AtomikosDataSoureBean 'oracleDataSource': poolSize equals default - this may cause performance problems!
19-06-25 17:25:48,604 [main] Coordinator not recoverable: 115.171.208.71.tm0000100014
